============================= test session starts =============================
platform win32 -- Python 3.14.0, pytest-9.0.2, pluggy-1.6.0 -- C:\Users\BIT\vigil\vigil\venv\Scripts\python.exe
cachedir: .pytest_cache
rootdir: C:\Users\BIT\vigil\vigil
configfile: temp_pytest.ini
plugins: anyio-4.13.0
collecting ... collected 0 items / 1 error

=================================== ERRORS ====================================
____________ ERROR collecting tests/test_detection_rule_service.py ____________
ImportError while importing test module 'C:\Users\BIT\vigil\vigil\tests\test_detection_rule_service.py'.
Hint: make sure your test modules/packages have valid Python names.
Traceback:
C:\Python314\Lib\importlib\__init__.py:88: in import_module
    return _bootstrap._gcd_import(name[level:], package, level)
           ^^^^^^^^^^^^^^^^^^^^^^^^^^^^^^^^^^^^^^^^^^^^^^^^^^^^
tests\test_detection_rule_service.py:4: in <module>
    from backend.services.detection_rule_service import DetectionRuleService
backend\services\detection_rule_service.py:6: in <module>
    from database.models import DetectionRule
database\models.py:9: in <module>
    from sqlalchemy import (
E   ModuleNotFoundError: No module named 'sqlalchemy'
============================== warnings summary ===============================
venv\Lib\site-packages\_pytest\config\__init__.py:1428
  C:\Users\BIT\vigil\vigil\venv\Lib\site-packages\_pytest\config\__init__.py:1428: PytestConfigWarning: Unknown config option: asyncio_mode
  
    self._warn_or_fail_if_strict(f"Unknown config option: {key}\n")

-- Docs: https://docs.pytest.org/en/stable/how-to/capture-warnings.html
=========================== short test summary info ===========================
ERROR tests/test_detection_rule_service.py
!!!!!!!!!!!!!!!!!!! Interrupted: 1 error during collection !!!!!!!!!!!!!!!!!!!!
========================= 1 warning, 1 error in 0.62s =========================
